Determining if the pthread_create exist failed with the following output:
Change Dir: /home/rodri/AI_Planning_Grocery/grocery_ai_planning_ws/build/turtlebot_bringup/CMakeFiles/CMakeTmp

Run Build Command:"/usr/bin/make" "cmTC_172f6/fast"
/usr/bin/make -f CMakeFiles/cmTC_172f6.dir/build.make CMakeFiles/cmTC_172f6.dir/build
make[1]: Entering directory '/home/rodri/AI_Planning_Grocery/grocery_ai_planning_ws/build/turtlebot_bringup/CMakeFiles/CMakeTmp'
Building C object CMakeFiles/cmTC_172f6.dir/CheckSymbolExists.c.o
/usr/bin/cc    -o CMakeFiles/cmTC_172f6.dir/CheckSymbolExists.c.o   -c /home/rodri/AI_Planning_Grocery/grocery_ai_planning_ws/build/turtlebot_bringup/CMakeFiles/CMakeTmp/CheckSymbolExists.c
Linking C executable cmTC_172f6
/usr/bin/cmake -E cmake_link_script CMakeFiles/cmTC_172f6.dir/link.txt --verbose=1
/usr/bin/cc      -rdynamic CMakeFiles/cmTC_172f6.dir/CheckSymbolExists.c.o  -o cmTC_172f6 
CMakeFiles/cmTC_172f6.dir/CheckSymbolExists.c.o: In function `main':
CheckSymbolExists.c:(.text+0x1b): undefined reference to `pthread_create'
collect2: error: ld returned 1 exit status
CMakeFiles/cmTC_172f6.dir/build.make:97: recipe for target 'cmTC_172f6' failed
make[1]: *** [cmTC_172f6] Error 1
make[1]: Leaving directory '/home/rodri/AI_Planning_Grocery/grocery_ai_planning_ws/build/turtlebot_bringup/CMakeFiles/CMakeTmp'
Makefile:126: recipe for target 'cmTC_172f6/fast' failed
make: *** [cmTC_172f6/fast] Error 2

File /home/rodri/AI_Planning_Grocery/grocery_ai_planning_ws/build/turtlebot_bringup/CMakeFiles/CMakeTmp/CheckSymbolExists.c:
/* */
#include <pthread.h>

int main(int argc, char** argv)
{
  (void)argv;
#ifndef pthread_create
  return ((int*)(&pthread_create))[argc];
#else
  (void)argc;
  return 0;
#endif
}

Determining if the function pthread_create exists in the pthreads failed with the following output:
Change Dir: /home/rodri/AI_Planning_Grocery/grocery_ai_planning_ws/build/turtlebot_bringup/CMakeFiles/CMakeTmp

Run Build Command:"/usr/bin/make" "cmTC_cb5ee/fast"
/usr/bin/make -f CMakeFiles/cmTC_cb5ee.dir/build.make CMakeFiles/cmTC_cb5ee.dir/build
make[1]: Entering directory '/home/rodri/AI_Planning_Grocery/grocery_ai_planning_ws/build/turtlebot_bringup/CMakeFiles/CMakeTmp'
Building C object CMakeFiles/cmTC_cb5ee.dir/CheckFunctionExists.c.o
/usr/bin/cc   -DCHECK_FUNCTION_EXISTS=pthread_create   -o CMakeFiles/cmTC_cb5ee.dir/CheckFunctionExists.c.o   -c /usr/share/cmake-3.10/Modules/CheckFunctionExists.c
Linking C executable cmTC_cb5ee
/usr/bin/cmake -E cmake_link_script CMakeFiles/cmTC_cb5ee.dir/link.txt --verbose=1
/usr/bin/cc  -DCHECK_FUNCTION_EXISTS=pthread_create    -rdynamic CMakeFiles/cmTC_cb5ee.dir/CheckFunctionExists.c.o  -o cmTC_cb5ee -lpthreads 
/usr/bin/ld: cannot find -lpthreads
collect2: error: ld returned 1 exit status
CMakeFiles/cmTC_cb5ee.dir/build.make:97: recipe for target 'cmTC_cb5ee' failed
make[1]: *** [cmTC_cb5ee] Error 1
make[1]: Leaving directory '/home/rodri/AI_Planning_Grocery/grocery_ai_planning_ws/build/turtlebot_bringup/CMakeFiles/CMakeTmp'
Makefile:126: recipe for target 'cmTC_cb5ee/fast' failed
make: *** [cmTC_cb5ee/fast] Error 2


