Determining if the pthread_create exist failed with the following output:
Change Dir: /home/rodri/AI_Planning_Grocery/grocery_ai_planning_ws/build/kobuki_controller_tutorial/CMakeFiles/CMakeTmp

Run Build Command:"/usr/bin/make" "cmTC_be13e/fast"
/usr/bin/make -f CMakeFiles/cmTC_be13e.dir/build.make CMakeFiles/cmTC_be13e.dir/build
make[1]: Entering directory '/home/rodri/AI_Planning_Grocery/grocery_ai_planning_ws/build/kobuki_controller_tutorial/CMakeFiles/CMakeTmp'
Building C object CMakeFiles/cmTC_be13e.dir/CheckSymbolExists.c.o
/usr/bin/cc    -o CMakeFiles/cmTC_be13e.dir/CheckSymbolExists.c.o   -c /home/rodri/AI_Planning_Grocery/grocery_ai_planning_ws/build/kobuki_controller_tutorial/CMakeFiles/CMakeTmp/CheckSymbolExists.c
Linking C executable cmTC_be13e
/usr/bin/cmake -E cmake_link_script CMakeFiles/cmTC_be13e.dir/link.txt --verbose=1
/usr/bin/cc      -rdynamic CMakeFiles/cmTC_be13e.dir/CheckSymbolExists.c.o  -o cmTC_be13e 
CMakeFiles/cmTC_be13e.dir/CheckSymbolExists.c.o: In function `main':
CheckSymbolExists.c:(.text+0x1b): undefined reference to `pthread_create'
collect2: error: ld returned 1 exit status
CMakeFiles/cmTC_be13e.dir/build.make:97: recipe for target 'cmTC_be13e' failed
make[1]: *** [cmTC_be13e] Error 1
make[1]: Leaving directory '/home/rodri/AI_Planning_Grocery/grocery_ai_planning_ws/build/kobuki_controller_tutorial/CMakeFiles/CMakeTmp'
Makefile:126: recipe for target 'cmTC_be13e/fast' failed
make: *** [cmTC_be13e/fast] Error 2

File /home/rodri/AI_Planning_Grocery/grocery_ai_planning_ws/build/kobuki_controller_tutorial/CMakeFiles/CMakeTmp/CheckSymbolExists.c:
/* */
#include <pthread.h>

int main(int argc, char** argv)
{
  (void)argv;
#ifndef pthread_create
  return ((int*)(&pthread_create))[argc];
#else
  (void)argc;
  return 0;
#endif
}

Determining if the function pthread_create exists in the pthreads failed with the following output:
Change Dir: /home/rodri/AI_Planning_Grocery/grocery_ai_planning_ws/build/kobuki_controller_tutorial/CMakeFiles/CMakeTmp

Run Build Command:"/usr/bin/make" "cmTC_5fe26/fast"
/usr/bin/make -f CMakeFiles/cmTC_5fe26.dir/build.make CMakeFiles/cmTC_5fe26.dir/build
make[1]: Entering directory '/home/rodri/AI_Planning_Grocery/grocery_ai_planning_ws/build/kobuki_controller_tutorial/CMakeFiles/CMakeTmp'
Building C object CMakeFiles/cmTC_5fe26.dir/CheckFunctionExists.c.o
/usr/bin/cc   -DCHECK_FUNCTION_EXISTS=pthread_create   -o CMakeFiles/cmTC_5fe26.dir/CheckFunctionExists.c.o   -c /usr/share/cmake-3.10/Modules/CheckFunctionExists.c
Linking C executable cmTC_5fe26
/usr/bin/cmake -E cmake_link_script CMakeFiles/cmTC_5fe26.dir/link.txt --verbose=1
/usr/bin/cc  -DCHECK_FUNCTION_EXISTS=pthread_create    -rdynamic CMakeFiles/cmTC_5fe26.dir/CheckFunctionExists.c.o  -o cmTC_5fe26 -lpthreads 
/usr/bin/ld: cannot find -lpthreads
collect2: error: ld returned 1 exit status
CMakeFiles/cmTC_5fe26.dir/build.make:97: recipe for target 'cmTC_5fe26' failed
make[1]: *** [cmTC_5fe26] Error 1
make[1]: Leaving directory '/home/rodri/AI_Planning_Grocery/grocery_ai_planning_ws/build/kobuki_controller_tutorial/CMakeFiles/CMakeTmp'
Makefile:126: recipe for target 'cmTC_5fe26/fast' failed
make: *** [cmTC_5fe26/fast] Error 2


