Determining if the pthread_create exist failed with the following output:
Change Dir: /home/rodri/AI_Planning_Grocery/grocery_ai_planning_ws/build/kobuki_bumper2pc/CMakeFiles/CMakeTmp

Run Build Command:"/usr/bin/make" "cmTC_070de/fast"
/usr/bin/make -f CMakeFiles/cmTC_070de.dir/build.make CMakeFiles/cmTC_070de.dir/build
make[1]: Entering directory '/home/rodri/AI_Planning_Grocery/grocery_ai_planning_ws/build/kobuki_bumper2pc/CMakeFiles/CMakeTmp'
Building C object CMakeFiles/cmTC_070de.dir/CheckSymbolExists.c.o
/usr/bin/cc    -o CMakeFiles/cmTC_070de.dir/CheckSymbolExists.c.o   -c /home/rodri/AI_Planning_Grocery/grocery_ai_planning_ws/build/kobuki_bumper2pc/CMakeFiles/CMakeTmp/CheckSymbolExists.c
Linking C executable cmTC_070de
/usr/bin/cmake -E cmake_link_script CMakeFiles/cmTC_070de.dir/link.txt --verbose=1
/usr/bin/cc      -rdynamic CMakeFiles/cmTC_070de.dir/CheckSymbolExists.c.o  -o cmTC_070de 
CMakeFiles/cmTC_070de.dir/CheckSymbolExists.c.o: In function `main':
CheckSymbolExists.c:(.text+0x1b): undefined reference to `pthread_create'
collect2: error: ld returned 1 exit status
CMakeFiles/cmTC_070de.dir/build.make:97: recipe for target 'cmTC_070de' failed
make[1]: *** [cmTC_070de] Error 1
make[1]: Leaving directory '/home/rodri/AI_Planning_Grocery/grocery_ai_planning_ws/build/kobuki_bumper2pc/CMakeFiles/CMakeTmp'
Makefile:126: recipe for target 'cmTC_070de/fast' failed
make: *** [cmTC_070de/fast] Error 2

File /home/rodri/AI_Planning_Grocery/grocery_ai_planning_ws/build/kobuki_bumper2pc/CMakeFiles/CMakeTmp/CheckSymbolExists.c:
/* */
#include <pthread.h>

int main(int argc, char** argv)
{
  (void)argv;
#ifndef pthread_create
  return ((int*)(&pthread_create))[argc];
#else
  (void)argc;
  return 0;
#endif
}

Determining if the function pthread_create exists in the pthreads failed with the following output:
Change Dir: /home/rodri/AI_Planning_Grocery/grocery_ai_planning_ws/build/kobuki_bumper2pc/CMakeFiles/CMakeTmp

Run Build Command:"/usr/bin/make" "cmTC_f6edf/fast"
/usr/bin/make -f CMakeFiles/cmTC_f6edf.dir/build.make CMakeFiles/cmTC_f6edf.dir/build
make[1]: Entering directory '/home/rodri/AI_Planning_Grocery/grocery_ai_planning_ws/build/kobuki_bumper2pc/CMakeFiles/CMakeTmp'
Building C object CMakeFiles/cmTC_f6edf.dir/CheckFunctionExists.c.o
/usr/bin/cc   -DCHECK_FUNCTION_EXISTS=pthread_create   -o CMakeFiles/cmTC_f6edf.dir/CheckFunctionExists.c.o   -c /usr/share/cmake-3.10/Modules/CheckFunctionExists.c
Linking C executable cmTC_f6edf
/usr/bin/cmake -E cmake_link_script CMakeFiles/cmTC_f6edf.dir/link.txt --verbose=1
/usr/bin/cc  -DCHECK_FUNCTION_EXISTS=pthread_create    -rdynamic CMakeFiles/cmTC_f6edf.dir/CheckFunctionExists.c.o  -o cmTC_f6edf -lpthreads 
/usr/bin/ld: cannot find -lpthreads
collect2: error: ld returned 1 exit status
CMakeFiles/cmTC_f6edf.dir/build.make:97: recipe for target 'cmTC_f6edf' failed
make[1]: *** [cmTC_f6edf] Error 1
make[1]: Leaving directory '/home/rodri/AI_Planning_Grocery/grocery_ai_planning_ws/build/kobuki_bumper2pc/CMakeFiles/CMakeTmp'
Makefile:126: recipe for target 'cmTC_f6edf/fast' failed
make: *** [cmTC_f6edf/fast] Error 2


