Determining if the pthread_create exist failed with the following output:
Change Dir: /home/rodri/AI_Planning_Grocery/grocery_ai_planning_ws/build/kobuki_node/CMakeFiles/CMakeTmp

Run Build Command:"/usr/bin/make" "cmTC_370cf/fast"
/usr/bin/make -f CMakeFiles/cmTC_370cf.dir/build.make CMakeFiles/cmTC_370cf.dir/build
make[1]: Entering directory '/home/rodri/AI_Planning_Grocery/grocery_ai_planning_ws/build/kobuki_node/CMakeFiles/CMakeTmp'
Building C object CMakeFiles/cmTC_370cf.dir/CheckSymbolExists.c.o
/usr/bin/cc    -o CMakeFiles/cmTC_370cf.dir/CheckSymbolExists.c.o   -c /home/rodri/AI_Planning_Grocery/grocery_ai_planning_ws/build/kobuki_node/CMakeFiles/CMakeTmp/CheckSymbolExists.c
Linking C executable cmTC_370cf
/usr/bin/cmake -E cmake_link_script CMakeFiles/cmTC_370cf.dir/link.txt --verbose=1
/usr/bin/cc      -rdynamic CMakeFiles/cmTC_370cf.dir/CheckSymbolExists.c.o  -o cmTC_370cf 
CMakeFiles/cmTC_370cf.dir/CheckSymbolExists.c.o: In function `main':
CheckSymbolExists.c:(.text+0x1b): undefined reference to `pthread_create'
collect2: error: ld returned 1 exit status
CMakeFiles/cmTC_370cf.dir/build.make:97: recipe for target 'cmTC_370cf' failed
make[1]: *** [cmTC_370cf] Error 1
make[1]: Leaving directory '/home/rodri/AI_Planning_Grocery/grocery_ai_planning_ws/build/kobuki_node/CMakeFiles/CMakeTmp'
Makefile:126: recipe for target 'cmTC_370cf/fast' failed
make: *** [cmTC_370cf/fast] Error 2

File /home/rodri/AI_Planning_Grocery/grocery_ai_planning_ws/build/kobuki_node/CMakeFiles/CMakeTmp/CheckSymbolExists.c:
/* */
#include <pthread.h>

int main(int argc, char** argv)
{
  (void)argv;
#ifndef pthread_create
  return ((int*)(&pthread_create))[argc];
#else
  (void)argc;
  return 0;
#endif
}

Determining if the function pthread_create exists in the pthreads failed with the following output:
Change Dir: /home/rodri/AI_Planning_Grocery/grocery_ai_planning_ws/build/kobuki_node/CMakeFiles/CMakeTmp

Run Build Command:"/usr/bin/make" "cmTC_ffa8c/fast"
/usr/bin/make -f CMakeFiles/cmTC_ffa8c.dir/build.make CMakeFiles/cmTC_ffa8c.dir/build
make[1]: Entering directory '/home/rodri/AI_Planning_Grocery/grocery_ai_planning_ws/build/kobuki_node/CMakeFiles/CMakeTmp'
Building C object CMakeFiles/cmTC_ffa8c.dir/CheckFunctionExists.c.o
/usr/bin/cc   -DCHECK_FUNCTION_EXISTS=pthread_create   -o CMakeFiles/cmTC_ffa8c.dir/CheckFunctionExists.c.o   -c /usr/share/cmake-3.10/Modules/CheckFunctionExists.c
Linking C executable cmTC_ffa8c
/usr/bin/cmake -E cmake_link_script CMakeFiles/cmTC_ffa8c.dir/link.txt --verbose=1
/usr/bin/cc  -DCHECK_FUNCTION_EXISTS=pthread_create    -rdynamic CMakeFiles/cmTC_ffa8c.dir/CheckFunctionExists.c.o  -o cmTC_ffa8c -lpthreads 
/usr/bin/ld: cannot find -lpthreads
collect2: error: ld returned 1 exit status
CMakeFiles/cmTC_ffa8c.dir/build.make:97: recipe for target 'cmTC_ffa8c' failed
make[1]: *** [cmTC_ffa8c] Error 1
make[1]: Leaving directory '/home/rodri/AI_Planning_Grocery/grocery_ai_planning_ws/build/kobuki_node/CMakeFiles/CMakeTmp'
Makefile:126: recipe for target 'cmTC_ffa8c/fast' failed
make: *** [cmTC_ffa8c/fast] Error 2


