Determining if the pthread_create exist failed with the following output:
Change Dir: /home/rodri/AI_Planning_Grocery/grocery_ai_planning_ws/build/yocs_cmd_vel_mux/CMakeFiles/CMakeTmp

Run Build Command:"/usr/bin/make" "cmTC_846b5/fast"
/usr/bin/make -f CMakeFiles/cmTC_846b5.dir/build.make CMakeFiles/cmTC_846b5.dir/build
make[1]: Entering directory '/home/rodri/AI_Planning_Grocery/grocery_ai_planning_ws/build/yocs_cmd_vel_mux/CMakeFiles/CMakeTmp'
Building C object CMakeFiles/cmTC_846b5.dir/CheckSymbolExists.c.o
/usr/bin/cc    -o CMakeFiles/cmTC_846b5.dir/CheckSymbolExists.c.o   -c /home/rodri/AI_Planning_Grocery/grocery_ai_planning_ws/build/yocs_cmd_vel_mux/CMakeFiles/CMakeTmp/CheckSymbolExists.c
Linking C executable cmTC_846b5
/usr/bin/cmake -E cmake_link_script CMakeFiles/cmTC_846b5.dir/link.txt --verbose=1
/usr/bin/cc      -rdynamic CMakeFiles/cmTC_846b5.dir/CheckSymbolExists.c.o  -o cmTC_846b5 
CMakeFiles/cmTC_846b5.dir/CheckSymbolExists.c.o: In function `main':
CheckSymbolExists.c:(.text+0x1b): undefined reference to `pthread_create'
collect2: error: ld returned 1 exit status
CMakeFiles/cmTC_846b5.dir/build.make:97: recipe for target 'cmTC_846b5' failed
make[1]: *** [cmTC_846b5] Error 1
make[1]: Leaving directory '/home/rodri/AI_Planning_Grocery/grocery_ai_planning_ws/build/yocs_cmd_vel_mux/CMakeFiles/CMakeTmp'
Makefile:126: recipe for target 'cmTC_846b5/fast' failed
make: *** [cmTC_846b5/fast] Error 2

File /home/rodri/AI_Planning_Grocery/grocery_ai_planning_ws/build/yocs_cmd_vel_mux/CMakeFiles/CMakeTmp/CheckSymbolExists.c:
/* */
#include <pthread.h>

int main(int argc, char** argv)
{
  (void)argv;
#ifndef pthread_create
  return ((int*)(&pthread_create))[argc];
#else
  (void)argc;
  return 0;
#endif
}

Determining if the function pthread_create exists in the pthreads failed with the following output:
Change Dir: /home/rodri/AI_Planning_Grocery/grocery_ai_planning_ws/build/yocs_cmd_vel_mux/CMakeFiles/CMakeTmp

Run Build Command:"/usr/bin/make" "cmTC_eafdc/fast"
/usr/bin/make -f CMakeFiles/cmTC_eafdc.dir/build.make CMakeFiles/cmTC_eafdc.dir/build
make[1]: Entering directory '/home/rodri/AI_Planning_Grocery/grocery_ai_planning_ws/build/yocs_cmd_vel_mux/CMakeFiles/CMakeTmp'
Building C object CMakeFiles/cmTC_eafdc.dir/CheckFunctionExists.c.o
/usr/bin/cc   -DCHECK_FUNCTION_EXISTS=pthread_create   -o CMakeFiles/cmTC_eafdc.dir/CheckFunctionExists.c.o   -c /usr/share/cmake-3.10/Modules/CheckFunctionExists.c
Linking C executable cmTC_eafdc
/usr/bin/cmake -E cmake_link_script CMakeFiles/cmTC_eafdc.dir/link.txt --verbose=1
/usr/bin/cc  -DCHECK_FUNCTION_EXISTS=pthread_create    -rdynamic CMakeFiles/cmTC_eafdc.dir/CheckFunctionExists.c.o  -o cmTC_eafdc -lpthreads 
/usr/bin/ld: cannot find -lpthreads
collect2: error: ld returned 1 exit status
CMakeFiles/cmTC_eafdc.dir/build.make:97: recipe for target 'cmTC_eafdc' failed
make[1]: *** [cmTC_eafdc] Error 1
make[1]: Leaving directory '/home/rodri/AI_Planning_Grocery/grocery_ai_planning_ws/build/yocs_cmd_vel_mux/CMakeFiles/CMakeTmp'
Makefile:126: recipe for target 'cmTC_eafdc/fast' failed
make: *** [cmTC_eafdc/fast] Error 2


