Determining if the pthread_create exist failed with the following output:
Change Dir: /home/rodri/grocery_ai_planning_ws/build/catkin_tools_prebuild/CMakeFiles/CMakeTmp

Run Build Command:"/usr/bin/make" "cmTC_a7f3b/fast"
/usr/bin/make -f CMakeFiles/cmTC_a7f3b.dir/build.make CMakeFiles/cmTC_a7f3b.dir/build
make[1]: Entering directory '/home/rodri/grocery_ai_planning_ws/build/catkin_tools_prebuild/CMakeFiles/CMakeTmp'
Building C object CMakeFiles/cmTC_a7f3b.dir/CheckSymbolExists.c.o
/usr/bin/cc    -o CMakeFiles/cmTC_a7f3b.dir/CheckSymbolExists.c.o   -c /home/rodri/grocery_ai_planning_ws/build/catkin_tools_prebuild/CMakeFiles/CMakeTmp/CheckSymbolExists.c
Linking C executable cmTC_a7f3b
/usr/bin/cmake -E cmake_link_script CMakeFiles/cmTC_a7f3b.dir/link.txt --verbose=1
/usr/bin/cc      -rdynamic CMakeFiles/cmTC_a7f3b.dir/CheckSymbolExists.c.o  -o cmTC_a7f3b 
CMakeFiles/cmTC_a7f3b.dir/CheckSymbolExists.c.o: In function `main':
CheckSymbolExists.c:(.text+0x1b): undefined reference to `pthread_create'
collect2: error: ld returned 1 exit status
CMakeFiles/cmTC_a7f3b.dir/build.make:97: recipe for target 'cmTC_a7f3b' failed
make[1]: *** [cmTC_a7f3b] Error 1
make[1]: Leaving directory '/home/rodri/grocery_ai_planning_ws/build/catkin_tools_prebuild/CMakeFiles/CMakeTmp'
Makefile:126: recipe for target 'cmTC_a7f3b/fast' failed
make: *** [cmTC_a7f3b/fast] Error 2

File /home/rodri/grocery_ai_planning_ws/build/catkin_tools_prebuild/CMakeFiles/CMakeTmp/CheckSymbolExists.c:
/* */
#include <pthread.h>

int main(int argc, char** argv)
{
  (void)argv;
#ifndef pthread_create
  return ((int*)(&pthread_create))[argc];
#else
  (void)argc;
  return 0;
#endif
}

Determining if the function pthread_create exists in the pthreads failed with the following output:
Change Dir: /home/rodri/grocery_ai_planning_ws/build/catkin_tools_prebuild/CMakeFiles/CMakeTmp

Run Build Command:"/usr/bin/make" "cmTC_3e3fa/fast"
/usr/bin/make -f CMakeFiles/cmTC_3e3fa.dir/build.make CMakeFiles/cmTC_3e3fa.dir/build
make[1]: Entering directory '/home/rodri/grocery_ai_planning_ws/build/catkin_tools_prebuild/CMakeFiles/CMakeTmp'
Building C object CMakeFiles/cmTC_3e3fa.dir/CheckFunctionExists.c.o
/usr/bin/cc   -DCHECK_FUNCTION_EXISTS=pthread_create   -o CMakeFiles/cmTC_3e3fa.dir/CheckFunctionExists.c.o   -c /usr/share/cmake-3.10/Modules/CheckFunctionExists.c
Linking C executable cmTC_3e3fa
/usr/bin/cmake -E cmake_link_script CMakeFiles/cmTC_3e3fa.dir/link.txt --verbose=1
/usr/bin/cc  -DCHECK_FUNCTION_EXISTS=pthread_create    -rdynamic CMakeFiles/cmTC_3e3fa.dir/CheckFunctionExists.c.o  -o cmTC_3e3fa -lpthreads 
/usr/bin/ld: cannot find -lpthreads
collect2: error: ld returned 1 exit status
CMakeFiles/cmTC_3e3fa.dir/build.make:97: recipe for target 'cmTC_3e3fa' failed
make[1]: *** [cmTC_3e3fa] Error 1
make[1]: Leaving directory '/home/rodri/grocery_ai_planning_ws/build/catkin_tools_prebuild/CMakeFiles/CMakeTmp'
Makefile:126: recipe for target 'cmTC_3e3fa/fast' failed
make: *** [cmTC_3e3fa/fast] Error 2


