Determining if the pthread_create exist failed with the following output:
Change Dir: /home/rodri/AI_Planning_Grocery/grocery_ai_planning_ws/build/kobuki_capabilities/CMakeFiles/CMakeTmp

Run Build Command:"/usr/bin/make" "cmTC_9707f/fast"
/usr/bin/make -f CMakeFiles/cmTC_9707f.dir/build.make CMakeFiles/cmTC_9707f.dir/build
make[1]: Entering directory '/home/rodri/AI_Planning_Grocery/grocery_ai_planning_ws/build/kobuki_capabilities/CMakeFiles/CMakeTmp'
Building C object CMakeFiles/cmTC_9707f.dir/CheckSymbolExists.c.o
/usr/bin/cc    -o CMakeFiles/cmTC_9707f.dir/CheckSymbolExists.c.o   -c /home/rodri/AI_Planning_Grocery/grocery_ai_planning_ws/build/kobuki_capabilities/CMakeFiles/CMakeTmp/CheckSymbolExists.c
Linking C executable cmTC_9707f
/usr/bin/cmake -E cmake_link_script CMakeFiles/cmTC_9707f.dir/link.txt --verbose=1
/usr/bin/cc      -rdynamic CMakeFiles/cmTC_9707f.dir/CheckSymbolExists.c.o  -o cmTC_9707f 
CMakeFiles/cmTC_9707f.dir/CheckSymbolExists.c.o: In function `main':
CheckSymbolExists.c:(.text+0x1b): undefined reference to `pthread_create'
collect2: error: ld returned 1 exit status
CMakeFiles/cmTC_9707f.dir/build.make:97: recipe for target 'cmTC_9707f' failed
make[1]: *** [cmTC_9707f] Error 1
make[1]: Leaving directory '/home/rodri/AI_Planning_Grocery/grocery_ai_planning_ws/build/kobuki_capabilities/CMakeFiles/CMakeTmp'
Makefile:126: recipe for target 'cmTC_9707f/fast' failed
make: *** [cmTC_9707f/fast] Error 2

File /home/rodri/AI_Planning_Grocery/grocery_ai_planning_ws/build/kobuki_capabilities/CMakeFiles/CMakeTmp/CheckSymbolExists.c:
/* */
#include <pthread.h>

int main(int argc, char** argv)
{
  (void)argv;
#ifndef pthread_create
  return ((int*)(&pthread_create))[argc];
#else
  (void)argc;
  return 0;
#endif
}

Determining if the function pthread_create exists in the pthreads failed with the following output:
Change Dir: /home/rodri/AI_Planning_Grocery/grocery_ai_planning_ws/build/kobuki_capabilities/CMakeFiles/CMakeTmp

Run Build Command:"/usr/bin/make" "cmTC_eccf2/fast"
/usr/bin/make -f CMakeFiles/cmTC_eccf2.dir/build.make CMakeFiles/cmTC_eccf2.dir/build
make[1]: Entering directory '/home/rodri/AI_Planning_Grocery/grocery_ai_planning_ws/build/kobuki_capabilities/CMakeFiles/CMakeTmp'
Building C object CMakeFiles/cmTC_eccf2.dir/CheckFunctionExists.c.o
/usr/bin/cc   -DCHECK_FUNCTION_EXISTS=pthread_create   -o CMakeFiles/cmTC_eccf2.dir/CheckFunctionExists.c.o   -c /usr/share/cmake-3.10/Modules/CheckFunctionExists.c
Linking C executable cmTC_eccf2
/usr/bin/cmake -E cmake_link_script CMakeFiles/cmTC_eccf2.dir/link.txt --verbose=1
/usr/bin/cc  -DCHECK_FUNCTION_EXISTS=pthread_create    -rdynamic CMakeFiles/cmTC_eccf2.dir/CheckFunctionExists.c.o  -o cmTC_eccf2 -lpthreads 
/usr/bin/ld: cannot find -lpthreads
collect2: error: ld returned 1 exit status
CMakeFiles/cmTC_eccf2.dir/build.make:97: recipe for target 'cmTC_eccf2' failed
make[1]: *** [cmTC_eccf2] Error 1
make[1]: Leaving directory '/home/rodri/AI_Planning_Grocery/grocery_ai_planning_ws/build/kobuki_capabilities/CMakeFiles/CMakeTmp'
Makefile:126: recipe for target 'cmTC_eccf2/fast' failed
make: *** [cmTC_eccf2/fast] Error 2


