Determining if the pthread_create exist failed with the following output:
Change Dir: /home/rodri/AI_Planning_Grocery/grocery_ai_planning_ws/build/kobuki_keyop/CMakeFiles/CMakeTmp

Run Build Command:"/usr/bin/make" "cmTC_deae1/fast"
/usr/bin/make -f CMakeFiles/cmTC_deae1.dir/build.make CMakeFiles/cmTC_deae1.dir/build
make[1]: Entering directory '/home/rodri/AI_Planning_Grocery/grocery_ai_planning_ws/build/kobuki_keyop/CMakeFiles/CMakeTmp'
Building C object CMakeFiles/cmTC_deae1.dir/CheckSymbolExists.c.o
/usr/bin/cc    -o CMakeFiles/cmTC_deae1.dir/CheckSymbolExists.c.o   -c /home/rodri/AI_Planning_Grocery/grocery_ai_planning_ws/build/kobuki_keyop/CMakeFiles/CMakeTmp/CheckSymbolExists.c
Linking C executable cmTC_deae1
/usr/bin/cmake -E cmake_link_script CMakeFiles/cmTC_deae1.dir/link.txt --verbose=1
/usr/bin/cc      -rdynamic CMakeFiles/cmTC_deae1.dir/CheckSymbolExists.c.o  -o cmTC_deae1 
CMakeFiles/cmTC_deae1.dir/CheckSymbolExists.c.o: In function `main':
CheckSymbolExists.c:(.text+0x1b): undefined reference to `pthread_create'
collect2: error: ld returned 1 exit status
CMakeFiles/cmTC_deae1.dir/build.make:97: recipe for target 'cmTC_deae1' failed
make[1]: *** [cmTC_deae1] Error 1
make[1]: Leaving directory '/home/rodri/AI_Planning_Grocery/grocery_ai_planning_ws/build/kobuki_keyop/CMakeFiles/CMakeTmp'
Makefile:126: recipe for target 'cmTC_deae1/fast' failed
make: *** [cmTC_deae1/fast] Error 2

File /home/rodri/AI_Planning_Grocery/grocery_ai_planning_ws/build/kobuki_keyop/CMakeFiles/CMakeTmp/CheckSymbolExists.c:
/* */
#include <pthread.h>

int main(int argc, char** argv)
{
  (void)argv;
#ifndef pthread_create
  return ((int*)(&pthread_create))[argc];
#else
  (void)argc;
  return 0;
#endif
}

Determining if the function pthread_create exists in the pthreads failed with the following output:
Change Dir: /home/rodri/AI_Planning_Grocery/grocery_ai_planning_ws/build/kobuki_keyop/CMakeFiles/CMakeTmp

Run Build Command:"/usr/bin/make" "cmTC_4b057/fast"
/usr/bin/make -f CMakeFiles/cmTC_4b057.dir/build.make CMakeFiles/cmTC_4b057.dir/build
make[1]: Entering directory '/home/rodri/AI_Planning_Grocery/grocery_ai_planning_ws/build/kobuki_keyop/CMakeFiles/CMakeTmp'
Building C object CMakeFiles/cmTC_4b057.dir/CheckFunctionExists.c.o
/usr/bin/cc   -DCHECK_FUNCTION_EXISTS=pthread_create   -o CMakeFiles/cmTC_4b057.dir/CheckFunctionExists.c.o   -c /usr/share/cmake-3.10/Modules/CheckFunctionExists.c
Linking C executable cmTC_4b057
/usr/bin/cmake -E cmake_link_script CMakeFiles/cmTC_4b057.dir/link.txt --verbose=1
/usr/bin/cc  -DCHECK_FUNCTION_EXISTS=pthread_create    -rdynamic CMakeFiles/cmTC_4b057.dir/CheckFunctionExists.c.o  -o cmTC_4b057 -lpthreads 
/usr/bin/ld: cannot find -lpthreads
collect2: error: ld returned 1 exit status
CMakeFiles/cmTC_4b057.dir/build.make:97: recipe for target 'cmTC_4b057' failed
make[1]: *** [cmTC_4b057] Error 1
make[1]: Leaving directory '/home/rodri/AI_Planning_Grocery/grocery_ai_planning_ws/build/kobuki_keyop/CMakeFiles/CMakeTmp'
Makefile:126: recipe for target 'cmTC_4b057/fast' failed
make: *** [cmTC_4b057/fast] Error 2


