Linked: (/home/rodri/AI_Planning_Grocery/grocery_ai_planning_ws/devel/.private/robot_path_controller/include/robot_path_controller/PathResponse.h, /home/rodri/AI_Planning_Grocery/grocery_ai_planning_ws/devel/include/robot_path_controller/PathResponse.h)
Linked: (/home/rodri/AI_Planning_Grocery/grocery_ai_planning_ws/devel/.private/robot_path_controller/include/robot_path_controller/WayPoint.h, /home/rodri/AI_Planning_Grocery/grocery_ai_planning_ws/devel/include/robot_path_controller/WayPoint.h)
Linked: (/home/rodri/AI_Planning_Grocery/grocery_ai_planning_ws/devel/.private/robot_path_controller/include/robot_path_controller/PathRequest.h, /home/rodri/AI_Planning_Grocery/grocery_ai_planning_ws/devel/include/robot_path_controller/PathRequest.h)
Linked: (/home/rodri/AI_Planning_Grocery/grocery_ai_planning_ws/devel/.private/robot_path_controller/include/robot_path_controller/Path.h, /home/rodri/AI_Planning_Grocery/grocery_ai_planning_ws/devel/include/robot_path_controller/Path.h)
Linked: (/home/rodri/AI_Planning_Grocery/grocery_ai_planning_ws/devel/.private/robot_path_controller/share/common-lisp/ros/robot_path_controller/msg/robot_path_controller-msg.asd, /home/rodri/AI_Planning_Grocery/grocery_ai_planning_ws/devel/share/common-lisp/ros/robot_path_controller/msg/robot_path_controller-msg.asd)
Linked: (/home/rodri/AI_Planning_Grocery/grocery_ai_planning_ws/devel/.private/robot_path_controller/share/common-lisp/ros/robot_path_controller/msg/_package.lisp, /home/rodri/AI_Planning_Grocery/grocery_ai_planning_ws/devel/share/common-lisp/ros/robot_path_controller/msg/_package.lisp)
Linked: (/home/rodri/AI_Planning_Grocery/grocery_ai_planning_ws/devel/.private/robot_path_controller/share/common-lisp/ros/robot_path_controller/msg/_package_WayPoint.lisp, /home/rodri/AI_Planning_Grocery/grocery_ai_planning_ws/devel/share/common-lisp/ros/robot_path_controller/msg/_package_WayPoint.lisp)
Linked: (/home/rodri/AI_Planning_Grocery/grocery_ai_planning_ws/devel/.private/robot_path_controller/share/common-lisp/ros/robot_path_controller/msg/WayPoint.lisp, /home/rodri/AI_Planning_Grocery/grocery_ai_planning_ws/devel/share/common-lisp/ros/robot_path_controller/msg/WayPoint.lisp)
Linked: (/home/rodri/AI_Planning_Grocery/grocery_ai_planning_ws/devel/.private/robot_path_controller/share/common-lisp/ros/robot_path_controller/srv/_package.lisp, /home/rodri/AI_Planning_Grocery/grocery_ai_planning_ws/devel/share/common-lisp/ros/robot_path_controller/srv/_package.lisp)
Linked: (/home/rodri/AI_Planning_Grocery/grocery_ai_planning_ws/devel/.private/robot_path_controller/share/common-lisp/ros/robot_path_controller/srv/Path.lisp, /home/rodri/AI_Planning_Grocery/grocery_ai_planning_ws/devel/share/common-lisp/ros/robot_path_controller/srv/Path.lisp)
Linked: (/home/rodri/AI_Planning_Grocery/grocery_ai_planning_ws/devel/.private/robot_path_controller/share/common-lisp/ros/robot_path_controller/srv/_package_Path.lisp, /home/rodri/AI_Planning_Grocery/grocery_ai_planning_ws/devel/share/common-lisp/ros/robot_path_controller/srv/_package_Path.lisp)
Linked: (/home/rodri/AI_Planning_Grocery/grocery_ai_planning_ws/devel/.private/robot_path_controller/share/common-lisp/ros/robot_path_controller/srv/robot_path_controller-srv.asd, /home/rodri/AI_Planning_Grocery/grocery_ai_planning_ws/devel/share/common-lisp/ros/robot_path_controller/srv/robot_path_controller-srv.asd)
Linked: (/home/rodri/AI_Planning_Grocery/grocery_ai_planning_ws/devel/.private/robot_path_controller/share/roseus/ros/robot_path_controller/manifest.l, /home/rodri/AI_Planning_Grocery/grocery_ai_planning_ws/devel/share/roseus/ros/robot_path_controller/manifest.l)
Linked: (/home/rodri/AI_Planning_Grocery/grocery_ai_planning_ws/devel/.private/robot_path_controller/share/roseus/ros/robot_path_controller/msg/WayPoint.l, /home/rodri/AI_Planning_Grocery/grocery_ai_planning_ws/devel/share/roseus/ros/robot_path_controller/msg/WayPoint.l)
Linked: (/home/rodri/AI_Planning_Grocery/grocery_ai_planning_ws/devel/.private/robot_path_controller/share/roseus/ros/robot_path_controller/srv/Path.l, /home/rodri/AI_Planning_Grocery/grocery_ai_planning_ws/devel/share/roseus/ros/robot_path_controller/srv/Path.l)
Linked: (/home/rodri/AI_Planning_Grocery/grocery_ai_planning_ws/devel/.private/robot_path_controller/share/robot_path_controller/cmake/robot_path_controller-msg-extras.cmake, /home/rodri/AI_Planning_Grocery/grocery_ai_planning_ws/devel/share/robot_path_controller/cmake/robot_path_controller-msg-extras.cmake)
Linked: (/home/rodri/AI_Planning_Grocery/grocery_ai_planning_ws/devel/.private/robot_path_controller/share/robot_path_controller/cmake/robot_path_controllerConfig.cmake, /home/rodri/AI_Planning_Grocery/grocery_ai_planning_ws/devel/share/robot_path_controller/cmake/robot_path_controllerConfig.cmake)
Linked: (/home/rodri/AI_Planning_Grocery/grocery_ai_planning_ws/devel/.private/robot_path_controller/share/robot_path_controller/cmake/robot_path_controllerConfig-version.cmake, /home/rodri/AI_Planning_Grocery/grocery_ai_planning_ws/devel/share/robot_path_controller/cmake/robot_path_controllerConfig-version.cmake)
Linked: (/home/rodri/AI_Planning_Grocery/grocery_ai_planning_ws/devel/.private/robot_path_controller/share/robot_path_controller/cmake/robot_path_controller-msg-paths.cmake, /home/rodri/AI_Planning_Grocery/grocery_ai_planning_ws/devel/share/robot_path_controller/cmake/robot_path_controller-msg-paths.cmake)
Linked: (/home/rodri/AI_Planning_Grocery/grocery_ai_planning_ws/devel/.private/robot_path_controller/share/gennodejs/ros/robot_path_controller/_index.js, /home/rodri/AI_Planning_Grocery/grocery_ai_planning_ws/devel/share/gennodejs/ros/robot_path_controller/_index.js)
Linked: (/home/rodri/AI_Planning_Grocery/grocery_ai_planning_ws/devel/.private/robot_path_controller/share/gennodejs/ros/robot_path_controller/msg/_index.js, /home/rodri/AI_Planning_Grocery/grocery_ai_planning_ws/devel/share/gennodejs/ros/robot_path_controller/msg/_index.js)
Linked: (/home/rodri/AI_Planning_Grocery/grocery_ai_planning_ws/devel/.private/robot_path_controller/share/gennodejs/ros/robot_path_controller/msg/WayPoint.js, /home/rodri/AI_Planning_Grocery/grocery_ai_planning_ws/devel/share/gennodejs/ros/robot_path_controller/msg/WayPoint.js)
Linked: (/home/rodri/AI_Planning_Grocery/grocery_ai_planning_ws/devel/.private/robot_path_controller/share/gennodejs/ros/robot_path_controller/srv/_index.js, /home/rodri/AI_Planning_Grocery/grocery_ai_planning_ws/devel/share/gennodejs/ros/robot_path_controller/srv/_index.js)
Linked: (/home/rodri/AI_Planning_Grocery/grocery_ai_planning_ws/devel/.private/robot_path_controller/share/gennodejs/ros/robot_path_controller/srv/Path.js, /home/rodri/AI_Planning_Grocery/grocery_ai_planning_ws/devel/share/gennodejs/ros/robot_path_controller/srv/Path.js)
Linked: (/home/rodri/AI_Planning_Grocery/grocery_ai_planning_ws/devel/.private/robot_path_controller/lib/pkgconfig/robot_path_controller.pc, /home/rodri/AI_Planning_Grocery/grocery_ai_planning_ws/devel/lib/pkgconfig/robot_path_controller.pc)
Linked: (/home/rodri/AI_Planning_Grocery/grocery_ai_planning_ws/devel/.private/robot_path_controller/lib/python2.7/dist-packages/robot_path_controller/__init__.py, /home/rodri/AI_Planning_Grocery/grocery_ai_planning_ws/devel/lib/python2.7/dist-packages/robot_path_controller/__init__.py)
Linked: (/home/rodri/AI_Planning_Grocery/grocery_ai_planning_ws/devel/.private/robot_path_controller/lib/python2.7/dist-packages/robot_path_controller/msg/_WayPoint.py, /home/rodri/AI_Planning_Grocery/grocery_ai_planning_ws/devel/lib/python2.7/dist-packages/robot_path_controller/msg/_WayPoint.py)
Linked: (/home/rodri/AI_Planning_Grocery/grocery_ai_planning_ws/devel/.private/robot_path_controller/lib/python2.7/dist-packages/robot_path_controller/msg/__init__.py, /home/rodri/AI_Planning_Grocery/grocery_ai_planning_ws/devel/lib/python2.7/dist-packages/robot_path_controller/msg/__init__.py)
Linked: (/home/rodri/AI_Planning_Grocery/grocery_ai_planning_ws/devel/.private/robot_path_controller/lib/python2.7/dist-packages/robot_path_controller/srv/_Path.py, /home/rodri/AI_Planning_Grocery/grocery_ai_planning_ws/devel/lib/python2.7/dist-packages/robot_path_controller/srv/_Path.py)
Linked: (/home/rodri/AI_Planning_Grocery/grocery_ai_planning_ws/devel/.private/robot_path_controller/lib/python2.7/dist-packages/robot_path_controller/srv/__init__.py, /home/rodri/AI_Planning_Grocery/grocery_ai_planning_ws/devel/lib/python2.7/dist-packages/robot_path_controller/srv/__init__.py)
