[35m[1mScanning dependencies of target std_msgs_generate_messages_cpp[0m
[35m[1mScanning dependencies of target _robot_path_controller_generate_messages_check_deps_Path[0m
[35m[1mScanning dependencies of target std_msgs_generate_messages_py[0m
[35m[1mScanning dependencies of target std_msgs_generate_messages_nodejs[0m
[35m[1mScanning dependencies of target std_msgs_generate_messages_lisp[0m
[35m[1mScanning dependencies of target _robot_path_controller_generate_messages_check_deps_WayPoint[0m
[  0%] Built target std_msgs_generate_messages_py
[  0%] Built target std_msgs_generate_messages_nodejs
[  0%] Built target std_msgs_generate_messages_lisp
[  0%] Built target std_msgs_generate_messages_cpp
[35m[1mScanning dependencies of target std_msgs_generate_messages_eus[0m
[  0%] Built target std_msgs_generate_messages_eus
[  0%] Built target _robot_path_controller_generate_messages_check_deps_Path
[  0%] Built target _robot_path_controller_generate_messages_check_deps_WayPoint
[35m[1mScanning dependencies of target robot_path_controller_generate_messages_nodejs[0m
[35m[1mScanning dependencies of target robot_path_controller_generate_messages_eus[0m
[35m[1mScanning dependencies of target robot_path_controller_generate_messages_cpp[0m
[35m[1mScanning dependencies of target robot_path_controller_generate_messages_py[0m
[35m[1mScanning dependencies of target robot_path_controller_generate_messages_lisp[0m
[  7%] [34m[1mGenerating Javascript code from robot_path_controller/Path.srv[0m
[ 15%] [34m[1mGenerating C++ code from robot_path_controller/WayPoint.msg[0m
[ 23%] [34m[1mGenerating Javascript code from robot_path_controller/WayPoint.msg[0m
[ 30%] [34m[1mGenerating EusLisp code from robot_path_controller/WayPoint.msg[0m
[ 38%] [34m[1mGenerating Python from MSG robot_path_controller/WayPoint[0m
[ 46%] [34m[1mGenerating Lisp code from robot_path_controller/WayPoint.msg[0m
[ 46%] Built target robot_path_controller_generate_messages_nodejs
[ 53%] [34m[1mGenerating Lisp code from robot_path_controller/Path.srv[0m
[ 61%] [34m[1mGenerating EusLisp code from robot_path_controller/Path.srv[0m
[ 69%] [34m[1mGenerating EusLisp manifest code for robot_path_controller[0m
[ 76%] [34m[1mGenerating C++ code from robot_path_controller/Path.srv[0m
[ 84%] [34m[1mGenerating Python code from SRV robot_path_controller/Path[0m
[ 84%] Built target robot_path_controller_generate_messages_lisp
[ 92%] [34m[1mGenerating Python msg __init__.py for robot_path_controller[0m
[100%] [34m[1mGenerating Python srv __init__.py for robot_path_controller[0m
[100%] Built target robot_path_controller_generate_messages_py
[100%] Built target robot_path_controller_generate_messages_cpp
[100%] Built target robot_path_controller_generate_messages_eus
[35m[1mScanning dependencies of target robot_path_controller_generate_messages[0m
[100%] Built target robot_path_controller_generate_messages
