Determining if the pthread_create exist failed with the following output:
Change Dir: /home/rodri/AI_Planning_Grocery/grocery_ai_planning_ws/build/grocery/CMakeFiles/CMakeTmp

Run Build Command:"/usr/bin/make" "cmTC_56b9a/fast"
/usr/bin/make -f CMakeFiles/cmTC_56b9a.dir/build.make CMakeFiles/cmTC_56b9a.dir/build
make[1]: Entering directory '/home/rodri/AI_Planning_Grocery/grocery_ai_planning_ws/build/grocery/CMakeFiles/CMakeTmp'
Building C object CMakeFiles/cmTC_56b9a.dir/CheckSymbolExists.c.o
/usr/bin/cc    -o CMakeFiles/cmTC_56b9a.dir/CheckSymbolExists.c.o   -c /home/rodri/AI_Planning_Grocery/grocery_ai_planning_ws/build/grocery/CMakeFiles/CMakeTmp/CheckSymbolExists.c
Linking C executable cmTC_56b9a
/usr/bin/cmake -E cmake_link_script CMakeFiles/cmTC_56b9a.dir/link.txt --verbose=1
/usr/bin/cc      -rdynamic CMakeFiles/cmTC_56b9a.dir/CheckSymbolExists.c.o  -o cmTC_56b9a 
CMakeFiles/cmTC_56b9a.dir/CheckSymbolExists.c.o: In function `main':
CheckSymbolExists.c:(.text+0x1b): undefined reference to `pthread_create'
collect2: error: ld returned 1 exit status
CMakeFiles/cmTC_56b9a.dir/build.make:97: recipe for target 'cmTC_56b9a' failed
make[1]: *** [cmTC_56b9a] Error 1
make[1]: Leaving directory '/home/rodri/AI_Planning_Grocery/grocery_ai_planning_ws/build/grocery/CMakeFiles/CMakeTmp'
Makefile:126: recipe for target 'cmTC_56b9a/fast' failed
make: *** [cmTC_56b9a/fast] Error 2

File /home/rodri/AI_Planning_Grocery/grocery_ai_planning_ws/build/grocery/CMakeFiles/CMakeTmp/CheckSymbolExists.c:
/* */
#include <pthread.h>

int main(int argc, char** argv)
{
  (void)argv;
#ifndef pthread_create
  return ((int*)(&pthread_create))[argc];
#else
  (void)argc;
  return 0;
#endif
}

Determining if the function pthread_create exists in the pthreads failed with the following output:
Change Dir: /home/rodri/AI_Planning_Grocery/grocery_ai_planning_ws/build/grocery/CMakeFiles/CMakeTmp

Run Build Command:"/usr/bin/make" "cmTC_56346/fast"
/usr/bin/make -f CMakeFiles/cmTC_56346.dir/build.make CMakeFiles/cmTC_56346.dir/build
make[1]: Entering directory '/home/rodri/AI_Planning_Grocery/grocery_ai_planning_ws/build/grocery/CMakeFiles/CMakeTmp'
Building C object CMakeFiles/cmTC_56346.dir/CheckFunctionExists.c.o
/usr/bin/cc   -DCHECK_FUNCTION_EXISTS=pthread_create   -o CMakeFiles/cmTC_56346.dir/CheckFunctionExists.c.o   -c /usr/share/cmake-3.10/Modules/CheckFunctionExists.c
Linking C executable cmTC_56346
/usr/bin/cmake -E cmake_link_script CMakeFiles/cmTC_56346.dir/link.txt --verbose=1
/usr/bin/cc  -DCHECK_FUNCTION_EXISTS=pthread_create    -rdynamic CMakeFiles/cmTC_56346.dir/CheckFunctionExists.c.o  -o cmTC_56346 -lpthreads 
/usr/bin/ld: cannot find -lpthreads
collect2: error: ld returned 1 exit status
CMakeFiles/cmTC_56346.dir/build.make:97: recipe for target 'cmTC_56346' failed
make[1]: *** [cmTC_56346] Error 1
make[1]: Leaving directory '/home/rodri/AI_Planning_Grocery/grocery_ai_planning_ws/build/grocery/CMakeFiles/CMakeTmp'
Makefile:126: recipe for target 'cmTC_56346/fast' failed
make: *** [cmTC_56346/fast] Error 2


