Determining if the pthread_create exist failed with the following output:
Change Dir: /home/rodri/AI_Planning_Grocery/grocery_ai_planning_ws/build/kobuki_gazebo/CMakeFiles/CMakeTmp

Run Build Command:"/usr/bin/make" "cmTC_17050/fast"
/usr/bin/make -f CMakeFiles/cmTC_17050.dir/build.make CMakeFiles/cmTC_17050.dir/build
make[1]: Entering directory '/home/rodri/AI_Planning_Grocery/grocery_ai_planning_ws/build/kobuki_gazebo/CMakeFiles/CMakeTmp'
Building C object CMakeFiles/cmTC_17050.dir/CheckSymbolExists.c.o
/usr/bin/cc    -o CMakeFiles/cmTC_17050.dir/CheckSymbolExists.c.o   -c /home/rodri/AI_Planning_Grocery/grocery_ai_planning_ws/build/kobuki_gazebo/CMakeFiles/CMakeTmp/CheckSymbolExists.c
Linking C executable cmTC_17050
/usr/bin/cmake -E cmake_link_script CMakeFiles/cmTC_17050.dir/link.txt --verbose=1
/usr/bin/cc      -rdynamic CMakeFiles/cmTC_17050.dir/CheckSymbolExists.c.o  -o cmTC_17050 
CMakeFiles/cmTC_17050.dir/CheckSymbolExists.c.o: In function `main':
CheckSymbolExists.c:(.text+0x1b): undefined reference to `pthread_create'
collect2: error: ld returned 1 exit status
CMakeFiles/cmTC_17050.dir/build.make:97: recipe for target 'cmTC_17050' failed
make[1]: *** [cmTC_17050] Error 1
make[1]: Leaving directory '/home/rodri/AI_Planning_Grocery/grocery_ai_planning_ws/build/kobuki_gazebo/CMakeFiles/CMakeTmp'
Makefile:126: recipe for target 'cmTC_17050/fast' failed
make: *** [cmTC_17050/fast] Error 2

File /home/rodri/AI_Planning_Grocery/grocery_ai_planning_ws/build/kobuki_gazebo/CMakeFiles/CMakeTmp/CheckSymbolExists.c:
/* */
#include <pthread.h>

int main(int argc, char** argv)
{
  (void)argv;
#ifndef pthread_create
  return ((int*)(&pthread_create))[argc];
#else
  (void)argc;
  return 0;
#endif
}

Determining if the function pthread_create exists in the pthreads failed with the following output:
Change Dir: /home/rodri/AI_Planning_Grocery/grocery_ai_planning_ws/build/kobuki_gazebo/CMakeFiles/CMakeTmp

Run Build Command:"/usr/bin/make" "cmTC_b9df9/fast"
/usr/bin/make -f CMakeFiles/cmTC_b9df9.dir/build.make CMakeFiles/cmTC_b9df9.dir/build
make[1]: Entering directory '/home/rodri/AI_Planning_Grocery/grocery_ai_planning_ws/build/kobuki_gazebo/CMakeFiles/CMakeTmp'
Building C object CMakeFiles/cmTC_b9df9.dir/CheckFunctionExists.c.o
/usr/bin/cc   -DCHECK_FUNCTION_EXISTS=pthread_create   -o CMakeFiles/cmTC_b9df9.dir/CheckFunctionExists.c.o   -c /usr/share/cmake-3.10/Modules/CheckFunctionExists.c
Linking C executable cmTC_b9df9
/usr/bin/cmake -E cmake_link_script CMakeFiles/cmTC_b9df9.dir/link.txt --verbose=1
/usr/bin/cc  -DCHECK_FUNCTION_EXISTS=pthread_create    -rdynamic CMakeFiles/cmTC_b9df9.dir/CheckFunctionExists.c.o  -o cmTC_b9df9 -lpthreads 
/usr/bin/ld: cannot find -lpthreads
collect2: error: ld returned 1 exit status
CMakeFiles/cmTC_b9df9.dir/build.make:97: recipe for target 'cmTC_b9df9' failed
make[1]: *** [cmTC_b9df9] Error 1
make[1]: Leaving directory '/home/rodri/AI_Planning_Grocery/grocery_ai_planning_ws/build/kobuki_gazebo/CMakeFiles/CMakeTmp'
Makefile:126: recipe for target 'cmTC_b9df9/fast' failed
make: *** [cmTC_b9df9/fast] Error 2


