Determining if the pthread_create exist failed with the following output:
Change Dir: /home/rodri/AI_Planning_Grocery/grocery_ai_planning_ws/build/kobuki_rapps/CMakeFiles/CMakeTmp

Run Build Command:"/usr/bin/make" "cmTC_6cb3b/fast"
/usr/bin/make -f CMakeFiles/cmTC_6cb3b.dir/build.make CMakeFiles/cmTC_6cb3b.dir/build
make[1]: Entering directory '/home/rodri/AI_Planning_Grocery/grocery_ai_planning_ws/build/kobuki_rapps/CMakeFiles/CMakeTmp'
Building C object CMakeFiles/cmTC_6cb3b.dir/CheckSymbolExists.c.o
/usr/bin/cc    -o CMakeFiles/cmTC_6cb3b.dir/CheckSymbolExists.c.o   -c /home/rodri/AI_Planning_Grocery/grocery_ai_planning_ws/build/kobuki_rapps/CMakeFiles/CMakeTmp/CheckSymbolExists.c
Linking C executable cmTC_6cb3b
/usr/bin/cmake -E cmake_link_script CMakeFiles/cmTC_6cb3b.dir/link.txt --verbose=1
/usr/bin/cc      -rdynamic CMakeFiles/cmTC_6cb3b.dir/CheckSymbolExists.c.o  -o cmTC_6cb3b 
CMakeFiles/cmTC_6cb3b.dir/CheckSymbolExists.c.o: In function `main':
CheckSymbolExists.c:(.text+0x1b): undefined reference to `pthread_create'
collect2: error: ld returned 1 exit status
CMakeFiles/cmTC_6cb3b.dir/build.make:97: recipe for target 'cmTC_6cb3b' failed
make[1]: *** [cmTC_6cb3b] Error 1
make[1]: Leaving directory '/home/rodri/AI_Planning_Grocery/grocery_ai_planning_ws/build/kobuki_rapps/CMakeFiles/CMakeTmp'
Makefile:126: recipe for target 'cmTC_6cb3b/fast' failed
make: *** [cmTC_6cb3b/fast] Error 2

File /home/rodri/AI_Planning_Grocery/grocery_ai_planning_ws/build/kobuki_rapps/CMakeFiles/CMakeTmp/CheckSymbolExists.c:
/* */
#include <pthread.h>

int main(int argc, char** argv)
{
  (void)argv;
#ifndef pthread_create
  return ((int*)(&pthread_create))[argc];
#else
  (void)argc;
  return 0;
#endif
}

Determining if the function pthread_create exists in the pthreads failed with the following output:
Change Dir: /home/rodri/AI_Planning_Grocery/grocery_ai_planning_ws/build/kobuki_rapps/CMakeFiles/CMakeTmp

Run Build Command:"/usr/bin/make" "cmTC_647f0/fast"
/usr/bin/make -f CMakeFiles/cmTC_647f0.dir/build.make CMakeFiles/cmTC_647f0.dir/build
make[1]: Entering directory '/home/rodri/AI_Planning_Grocery/grocery_ai_planning_ws/build/kobuki_rapps/CMakeFiles/CMakeTmp'
Building C object CMakeFiles/cmTC_647f0.dir/CheckFunctionExists.c.o
/usr/bin/cc   -DCHECK_FUNCTION_EXISTS=pthread_create   -o CMakeFiles/cmTC_647f0.dir/CheckFunctionExists.c.o   -c /usr/share/cmake-3.10/Modules/CheckFunctionExists.c
Linking C executable cmTC_647f0
/usr/bin/cmake -E cmake_link_script CMakeFiles/cmTC_647f0.dir/link.txt --verbose=1
/usr/bin/cc  -DCHECK_FUNCTION_EXISTS=pthread_create    -rdynamic CMakeFiles/cmTC_647f0.dir/CheckFunctionExists.c.o  -o cmTC_647f0 -lpthreads 
/usr/bin/ld: cannot find -lpthreads
collect2: error: ld returned 1 exit status
CMakeFiles/cmTC_647f0.dir/build.make:97: recipe for target 'cmTC_647f0' failed
make[1]: *** [cmTC_647f0] Error 1
make[1]: Leaving directory '/home/rodri/AI_Planning_Grocery/grocery_ai_planning_ws/build/kobuki_rapps/CMakeFiles/CMakeTmp'
Makefile:126: recipe for target 'cmTC_647f0/fast' failed
make: *** [cmTC_647f0/fast] Error 2


