Determining if the pthread_create exist failed with the following output:
Change Dir: /home/rodri/AI_Planning_Grocery/grocery_ai_planning_ws/build/ai_planning/CMakeFiles/CMakeTmp

Run Build Command:"/usr/bin/make" "cmTC_36285/fast"
/usr/bin/make -f CMakeFiles/cmTC_36285.dir/build.make CMakeFiles/cmTC_36285.dir/build
make[1]: Entering directory '/home/rodri/AI_Planning_Grocery/grocery_ai_planning_ws/build/ai_planning/CMakeFiles/CMakeTmp'
Building C object CMakeFiles/cmTC_36285.dir/CheckSymbolExists.c.o
/usr/bin/cc    -o CMakeFiles/cmTC_36285.dir/CheckSymbolExists.c.o   -c /home/rodri/AI_Planning_Grocery/grocery_ai_planning_ws/build/ai_planning/CMakeFiles/CMakeTmp/CheckSymbolExists.c
Linking C executable cmTC_36285
/usr/bin/cmake -E cmake_link_script CMakeFiles/cmTC_36285.dir/link.txt --verbose=1
/usr/bin/cc      -rdynamic CMakeFiles/cmTC_36285.dir/CheckSymbolExists.c.o  -o cmTC_36285 
CMakeFiles/cmTC_36285.dir/CheckSymbolExists.c.o: In function `main':
CheckSymbolExists.c:(.text+0x1b): undefined reference to `pthread_create'
collect2: error: ld returned 1 exit status
CMakeFiles/cmTC_36285.dir/build.make:97: recipe for target 'cmTC_36285' failed
make[1]: *** [cmTC_36285] Error 1
make[1]: Leaving directory '/home/rodri/AI_Planning_Grocery/grocery_ai_planning_ws/build/ai_planning/CMakeFiles/CMakeTmp'
Makefile:126: recipe for target 'cmTC_36285/fast' failed
make: *** [cmTC_36285/fast] Error 2

File /home/rodri/AI_Planning_Grocery/grocery_ai_planning_ws/build/ai_planning/CMakeFiles/CMakeTmp/CheckSymbolExists.c:
/* */
#include <pthread.h>

int main(int argc, char** argv)
{
  (void)argv;
#ifndef pthread_create
  return ((int*)(&pthread_create))[argc];
#else
  (void)argc;
  return 0;
#endif
}

Determining if the function pthread_create exists in the pthreads failed with the following output:
Change Dir: /home/rodri/AI_Planning_Grocery/grocery_ai_planning_ws/build/ai_planning/CMakeFiles/CMakeTmp

Run Build Command:"/usr/bin/make" "cmTC_71e5c/fast"
/usr/bin/make -f CMakeFiles/cmTC_71e5c.dir/build.make CMakeFiles/cmTC_71e5c.dir/build
make[1]: Entering directory '/home/rodri/AI_Planning_Grocery/grocery_ai_planning_ws/build/ai_planning/CMakeFiles/CMakeTmp'
Building C object CMakeFiles/cmTC_71e5c.dir/CheckFunctionExists.c.o
/usr/bin/cc   -DCHECK_FUNCTION_EXISTS=pthread_create   -o CMakeFiles/cmTC_71e5c.dir/CheckFunctionExists.c.o   -c /usr/share/cmake-3.10/Modules/CheckFunctionExists.c
Linking C executable cmTC_71e5c
/usr/bin/cmake -E cmake_link_script CMakeFiles/cmTC_71e5c.dir/link.txt --verbose=1
/usr/bin/cc  -DCHECK_FUNCTION_EXISTS=pthread_create    -rdynamic CMakeFiles/cmTC_71e5c.dir/CheckFunctionExists.c.o  -o cmTC_71e5c -lpthreads 
/usr/bin/ld: cannot find -lpthreads
collect2: error: ld returned 1 exit status
CMakeFiles/cmTC_71e5c.dir/build.make:97: recipe for target 'cmTC_71e5c' failed
make[1]: *** [cmTC_71e5c] Error 1
make[1]: Leaving directory '/home/rodri/AI_Planning_Grocery/grocery_ai_planning_ws/build/ai_planning/CMakeFiles/CMakeTmp'
Makefile:126: recipe for target 'cmTC_71e5c/fast' failed
make: *** [cmTC_71e5c/fast] Error 2


