Determining if the pthread_create exist failed with the following output:
Change Dir: /home/rodri/AI_Planning_Grocery/grocery_ai_planning_ws/build/turtlebot_capabilities/CMakeFiles/CMakeTmp

Run Build Command:"/usr/bin/make" "cmTC_da5de/fast"
/usr/bin/make -f CMakeFiles/cmTC_da5de.dir/build.make CMakeFiles/cmTC_da5de.dir/build
make[1]: Entering directory '/home/rodri/AI_Planning_Grocery/grocery_ai_planning_ws/build/turtlebot_capabilities/CMakeFiles/CMakeTmp'
Building C object CMakeFiles/cmTC_da5de.dir/CheckSymbolExists.c.o
/usr/bin/cc    -o CMakeFiles/cmTC_da5de.dir/CheckSymbolExists.c.o   -c /home/rodri/AI_Planning_Grocery/grocery_ai_planning_ws/build/turtlebot_capabilities/CMakeFiles/CMakeTmp/CheckSymbolExists.c
Linking C executable cmTC_da5de
/usr/bin/cmake -E cmake_link_script CMakeFiles/cmTC_da5de.dir/link.txt --verbose=1
/usr/bin/cc      -rdynamic CMakeFiles/cmTC_da5de.dir/CheckSymbolExists.c.o  -o cmTC_da5de 
CMakeFiles/cmTC_da5de.dir/CheckSymbolExists.c.o: In function `main':
CheckSymbolExists.c:(.text+0x1b): undefined reference to `pthread_create'
collect2: error: ld returned 1 exit status
CMakeFiles/cmTC_da5de.dir/build.make:97: recipe for target 'cmTC_da5de' failed
make[1]: *** [cmTC_da5de] Error 1
make[1]: Leaving directory '/home/rodri/AI_Planning_Grocery/grocery_ai_planning_ws/build/turtlebot_capabilities/CMakeFiles/CMakeTmp'
Makefile:126: recipe for target 'cmTC_da5de/fast' failed
make: *** [cmTC_da5de/fast] Error 2

File /home/rodri/AI_Planning_Grocery/grocery_ai_planning_ws/build/turtlebot_capabilities/CMakeFiles/CMakeTmp/CheckSymbolExists.c:
/* */
#include <pthread.h>

int main(int argc, char** argv)
{
  (void)argv;
#ifndef pthread_create
  return ((int*)(&pthread_create))[argc];
#else
  (void)argc;
  return 0;
#endif
}

Determining if the function pthread_create exists in the pthreads failed with the following output:
Change Dir: /home/rodri/AI_Planning_Grocery/grocery_ai_planning_ws/build/turtlebot_capabilities/CMakeFiles/CMakeTmp

Run Build Command:"/usr/bin/make" "cmTC_c86ef/fast"
/usr/bin/make -f CMakeFiles/cmTC_c86ef.dir/build.make CMakeFiles/cmTC_c86ef.dir/build
make[1]: Entering directory '/home/rodri/AI_Planning_Grocery/grocery_ai_planning_ws/build/turtlebot_capabilities/CMakeFiles/CMakeTmp'
Building C object CMakeFiles/cmTC_c86ef.dir/CheckFunctionExists.c.o
/usr/bin/cc   -DCHECK_FUNCTION_EXISTS=pthread_create   -o CMakeFiles/cmTC_c86ef.dir/CheckFunctionExists.c.o   -c /usr/share/cmake-3.10/Modules/CheckFunctionExists.c
Linking C executable cmTC_c86ef
/usr/bin/cmake -E cmake_link_script CMakeFiles/cmTC_c86ef.dir/link.txt --verbose=1
/usr/bin/cc  -DCHECK_FUNCTION_EXISTS=pthread_create    -rdynamic CMakeFiles/cmTC_c86ef.dir/CheckFunctionExists.c.o  -o cmTC_c86ef -lpthreads 
/usr/bin/ld: cannot find -lpthreads
collect2: error: ld returned 1 exit status
CMakeFiles/cmTC_c86ef.dir/build.make:97: recipe for target 'cmTC_c86ef' failed
make[1]: *** [cmTC_c86ef] Error 1
make[1]: Leaving directory '/home/rodri/AI_Planning_Grocery/grocery_ai_planning_ws/build/turtlebot_capabilities/CMakeFiles/CMakeTmp'
Makefile:126: recipe for target 'cmTC_c86ef/fast' failed
make: *** [cmTC_c86ef/fast] Error 2


