Determining if the pthread_create exist failed with the following output:
Change Dir: /home/rodri/AI_Planning_Grocery/grocery_ai_planning_ws/build/kobuki_rviz_launchers/CMakeFiles/CMakeTmp

Run Build Command:"/usr/bin/make" "cmTC_89001/fast"
/usr/bin/make -f CMakeFiles/cmTC_89001.dir/build.make CMakeFiles/cmTC_89001.dir/build
make[1]: Entering directory '/home/rodri/AI_Planning_Grocery/grocery_ai_planning_ws/build/kobuki_rviz_launchers/CMakeFiles/CMakeTmp'
Building C object CMakeFiles/cmTC_89001.dir/CheckSymbolExists.c.o
/usr/bin/cc    -o CMakeFiles/cmTC_89001.dir/CheckSymbolExists.c.o   -c /home/rodri/AI_Planning_Grocery/grocery_ai_planning_ws/build/kobuki_rviz_launchers/CMakeFiles/CMakeTmp/CheckSymbolExists.c
Linking C executable cmTC_89001
/usr/bin/cmake -E cmake_link_script CMakeFiles/cmTC_89001.dir/link.txt --verbose=1
/usr/bin/cc      -rdynamic CMakeFiles/cmTC_89001.dir/CheckSymbolExists.c.o  -o cmTC_89001 
CMakeFiles/cmTC_89001.dir/CheckSymbolExists.c.o: In function `main':
CheckSymbolExists.c:(.text+0x1b): undefined reference to `pthread_create'
collect2: error: ld returned 1 exit status
CMakeFiles/cmTC_89001.dir/build.make:97: recipe for target 'cmTC_89001' failed
make[1]: *** [cmTC_89001] Error 1
make[1]: Leaving directory '/home/rodri/AI_Planning_Grocery/grocery_ai_planning_ws/build/kobuki_rviz_launchers/CMakeFiles/CMakeTmp'
Makefile:126: recipe for target 'cmTC_89001/fast' failed
make: *** [cmTC_89001/fast] Error 2

File /home/rodri/AI_Planning_Grocery/grocery_ai_planning_ws/build/kobuki_rviz_launchers/CMakeFiles/CMakeTmp/CheckSymbolExists.c:
/* */
#include <pthread.h>

int main(int argc, char** argv)
{
  (void)argv;
#ifndef pthread_create
  return ((int*)(&pthread_create))[argc];
#else
  (void)argc;
  return 0;
#endif
}

Determining if the function pthread_create exists in the pthreads failed with the following output:
Change Dir: /home/rodri/AI_Planning_Grocery/grocery_ai_planning_ws/build/kobuki_rviz_launchers/CMakeFiles/CMakeTmp

Run Build Command:"/usr/bin/make" "cmTC_23820/fast"
/usr/bin/make -f CMakeFiles/cmTC_23820.dir/build.make CMakeFiles/cmTC_23820.dir/build
make[1]: Entering directory '/home/rodri/AI_Planning_Grocery/grocery_ai_planning_ws/build/kobuki_rviz_launchers/CMakeFiles/CMakeTmp'
Building C object CMakeFiles/cmTC_23820.dir/CheckFunctionExists.c.o
/usr/bin/cc   -DCHECK_FUNCTION_EXISTS=pthread_create   -o CMakeFiles/cmTC_23820.dir/CheckFunctionExists.c.o   -c /usr/share/cmake-3.10/Modules/CheckFunctionExists.c
Linking C executable cmTC_23820
/usr/bin/cmake -E cmake_link_script CMakeFiles/cmTC_23820.dir/link.txt --verbose=1
/usr/bin/cc  -DCHECK_FUNCTION_EXISTS=pthread_create    -rdynamic CMakeFiles/cmTC_23820.dir/CheckFunctionExists.c.o  -o cmTC_23820 -lpthreads 
/usr/bin/ld: cannot find -lpthreads
collect2: error: ld returned 1 exit status
CMakeFiles/cmTC_23820.dir/build.make:97: recipe for target 'cmTC_23820' failed
make[1]: *** [cmTC_23820] Error 1
make[1]: Leaving directory '/home/rodri/AI_Planning_Grocery/grocery_ai_planning_ws/build/kobuki_rviz_launchers/CMakeFiles/CMakeTmp'
Makefile:126: recipe for target 'cmTC_23820/fast' failed
make: *** [cmTC_23820/fast] Error 2


